生成启动时间为 2018/11/25 12:38:04。
     1>项目“G:\InHouseSourceCode\PIPLFAQ\PIPLFAQ\PIPLFAQ\PIPLFAQ.vcxproj”在节点 2 上(Build 个目标)。
     1>ClCompile:
         I:\Program Files (x86)\Microsoft Visual Studio 12.0\VC\bin\CL.exe /c /Zi /nologo /W3 /WX- /sdl /O2 /Oi /Oy- /GL /D WIN32 /D _CRT_SECURE_NO_WARNINGS /D NDEBUG /D _CONSOLE /D _LIB /D _UNICODE /D UNICODE /Gm- /EHsc /MD /GS /Gy /fp:precise /Zc:wchar_t /Zc:forScope /Yu"stdafx.h" /Fp"Release\PIPLFAQ.pch" /Fo"Release\\" /Fd"Release\vc120.pdb" /Gd /TP /analyze- /errorReport:prompt Parameters.cpp
         Parameters.cpp
     1>Parameters.cpp(142): warning C4018: “<”: 有符号/无符号不匹配
     1>Parameters.cpp(144): warning C4018: “>”: 有符号/无符号不匹配
     1>Parameters.cpp(148): warning C4018: “<”: 有符号/无符号不匹配
       Link:
         I:\Program Files (x86)\Microsoft Visual Studio 12.0\VC\bin\link.exe /ERRORREPORT:PROMPT /OUT:"G:\InHouseSourceCode\PIPLFAQ\PIPLFAQ\Release\PIPLFAQ.exe" /INCREMENTAL:NO /NOLOGO kernel32.lib user32.lib gdi32.lib winspool.lib comdlg32.lib advapi32.lib shell32.lib ole32.lib oleaut32.lib uuid.lib odbc32.lib odbccp32.lib /MANIFEST /MANIFESTUAC:"level='asInvoker' uiAccess='false'" /manifest:embed /DEBUG /PDB:"G:\InHouseSourceCode\PIPLFAQ\PIPLFAQ\Release\PIPLFAQ.pdb" /SUBSYSTEM:CONSOLE /OPT:REF /OPT:ICF /LTCG /TLBID:1 /DYNAMICBASE /NXCOMPAT /IMPLIB:"G:\InHouseSourceCode\PIPLFAQ\PIPLFAQ\Release\PIPLFAQ.lib" /MACHINE:X86 /SAFESEH Release\CBasis.obj
         Release\CDataIO.obj
         Release\CLog.obj
         Release\Parameters.obj
         Release\PIPLFAQ.obj
         Release\stdafx.obj
         正在生成代码
         已完成代码的生成
         PIPLFAQ.vcxproj -> G:\InHouseSourceCode\PIPLFAQ\PIPLFAQ\Release\PIPLFAQ.exe
     1>已完成生成项目“G:\InHouseSourceCode\PIPLFAQ\PIPLFAQ\PIPLFAQ\PIPLFAQ.vcxproj”(Build 个目标)的操作。

生成成功。

已用时间 00:00:03.35
