生成启动时间为 2018/11/23 16:30:07。
     1>项目“G:\InHouseSourceCode\PIPLFAQ\PIPLFAQ\PIPLFAQ\PIPLFAQ.vcxproj”在节点 2 上(Build 个目标)。
     1>ClCompile:
         I:\Program Files (x86)\Microsoft Visual Studio 12.0\VC\bin\CL.exe /c /ZI /nologo /W3 /WX- /sdl /Od /Oy- /D WIN32 /D _CRT_SECURE_NO_WARNINGS /D _DEBUG /D _CONSOLE /D _LIB /D _UNICODE /D UNICODE /Gm /EHsc /RTC1 /MDd /GS /fp:precise /Zc:wchar_t /Zc:forScope /Yu"stdafx.h" /Fp"Debug\PIPLFAQ.pch" /Fo"Debug\\" /Fd"Debug\vc120.pdb" /Gd /TP /analyze- /errorReport:prompt CDataIO.cpp
         CDataIO.cpp
     1>g:\inhousesourcecode\piplfaq\piplfaq\piplfaq\cdataio.cpp(731): warning C4018: “<”: 有符号/无符号不匹配
     1>g:\inhousesourcecode\piplfaq\piplfaq\piplfaq\cdataio.cpp(783): warning C4018: “<”: 有符号/无符号不匹配
     1>g:\inhousesourcecode\piplfaq\piplfaq\piplfaq\cdataio.cpp(869): warning C4018: “<”: 有符号/无符号不匹配
     1>g:\inhousesourcecode\piplfaq\piplfaq\piplfaq\cdataio.cpp(874): warning C4018: “<”: 有符号/无符号不匹配
     1>g:\inhousesourcecode\piplfaq\piplfaq\piplfaq\cdataio.cpp(879): warning C4018: “<”: 有符号/无符号不匹配
     1>g:\inhousesourcecode\piplfaq\piplfaq\piplfaq\cdataio.cpp(884): warning C4018: “<”: 有符号/无符号不匹配
     1>g:\inhousesourcecode\piplfaq\piplfaq\piplfaq\cdataio.cpp(924): warning C4018: “<”: 有符号/无符号不匹配
       Link:
         I:\Program Files (x86)\Microsoft Visual Studio 12.0\VC\bin\link.exe /ERRORREPORT:PROMPT /OUT:"G:\InHouseSourceCode\PIPLFAQ\PIPLFAQ\Debug\PIPLFAQ.exe" /INCREMENTAL /NOLOGO kernel32.lib user32.lib gdi32.lib winspool.lib comdlg32.lib advapi32.lib shell32.lib ole32.lib oleaut32.lib uuid.lib odbc32.lib odbccp32.lib /MANIFEST /MANIFESTUAC:"level='asInvoker' uiAccess='false'" /manifest:embed /DEBUG /PDB:"G:\InHouseSourceCode\PIPLFAQ\PIPLFAQ\Debug\PIPLFAQ.pdb" /SUBSYSTEM:CONSOLE /TLBID:1 /DYNAMICBASE /NXCOMPAT /IMPLIB:"G:\InHouseSourceCode\PIPLFAQ\PIPLFAQ\Debug\PIPLFAQ.lib" /MACHINE:X86 Debug\CBasis.obj
         Debug\CDataIO.obj
         Debug\CLog.obj
         Debug\Parameters.obj
         Debug\PIPLFAQ.obj
         Debug\stdafx.obj
         PIPLFAQ.vcxproj -> G:\InHouseSourceCode\PIPLFAQ\PIPLFAQ\Debug\PIPLFAQ.exe
     1>已完成生成项目“G:\InHouseSourceCode\PIPLFAQ\PIPLFAQ\PIPLFAQ\PIPLFAQ.vcxproj”(Build 个目标)的操作。

生成成功。

已用时间 00:00:01.95
